<?xml version="1.0" encoding="UTF-8"?>
<!-- Generated by org.testng.reporters.JUnitReportReporter -->
<testsuite hostname="eqxaaadev01" name="com.TestSqlite" tests="2" failures="0" timestamp="10 Feb 2015 19:08:36 GMT" time="3.375" errors="0">
  <testcase name="getDataFromDB" time="0.875" classname="com.TestSqlite"/>
  <testcase name="setDataInDB" time="2.500" classname="com.TestSqlite"/>
</testsuite> <!-- com.TestSqlite -->
