<?xml version="1.0" encoding="UTF-8"?>
<!-- Generated by org.testng.reporters.JUnitReportReporter -->
<testsuite hostname="eqxaaadev01" name="com.FetchTopData" tests="2" failures="0" timestamp="10 Feb 2015 22:32:56 GMT" time="125.719" errors="0">
  <testcase name="saveAndPrintMoviesDetails" time="109.271" classname="com.FetchTopData"/>
  <testcase name="getFirst250MoviesFromIMDB" time="16.448" classname="com.FetchTopData"/>
</testsuite> <!-- com.FetchTopData -->
